<?xml version="1.0" encoding="UTF-8"?>
<!-- Generated by org.testng.reporters.JUnitReportReporter -->
<testsuite skipped="0" hostname="VTTV" name="com.nopcommerce.user.Level_13_Login_Page_Log_Report_HTML" tests="1" failures="0" timestamp="30 Jun 2021 16:07:37 GMT" time="10.069" errors="0">
  <testcase name="User_01_Register_To_System" time="10.069" classname="com.nopcommerce.user.Level_13_Login_Page_Log_Report_HTML"/>
</testsuite> <!-- com.nopcommerce.user.Level_13_Login_Page_Log_Report_HTML -->
