<?xml version="1.0" encoding="UTF-8"?>
<!-- Generated by org.testng.reporters.JUnitReportReporter -->
<testsuite skipped="0" hostname="VTTV" name="com.jquery.table.Level_10_UploadMultipleFile" tests="2" failures="0" timestamp="27 Jun 2021 15:38:20 GMT" time="8.402" errors="0">
  <testcase name="Upload_01_Mul_File_Per_Time" time="5.955" classname="com.jquery.table.Level_10_UploadMultipleFile"/>
  <testcase name="Upload_01_One_File_Per_Time" time="2.447" classname="com.jquery.table.Level_10_UploadMultipleFile"/>
</testsuite> <!-- com.jquery.table.Level_10_UploadMultipleFile -->
