<?xml version="1.0" encoding="UTF-8"?>
<!-- Generated by org.testng.reporters.JUnitReportReporter -->
<testsuite skipped="0" hostname="DESKTOP-C100NKG" name="com.nopcommerce.user.Level_13_Login_Page_Log_Report_HTML" tests="1" failures="0" timestamp="28 Jul 2021 16:20:21 GMT" time="7.082" errors="0">
  <testcase name="User_01_Register_To_System" time="7.082" classname="com.nopcommerce.user.Level_13_Login_Page_Log_Report_HTML"/>
</testsuite> <!-- com.nopcommerce.user.Level_13_Login_Page_Log_Report_HTML -->
