<?xml version="1.0" encoding="UTF-8"?>
<!-- Generated by org.testng.reporters.JUnitReportReporter -->
<testsuite skipped="0" hostname="VTTV" name="com.jquery.table.Level_09_DataTable" tests="1" failures="0" timestamp="22 Jun 2021 15:33:56 GMT" time="21.627" errors="0">
  <testcase name="Table_02_Search" time="21.627" classname="com.jquery.table.Level_09_DataTable"/>
</testsuite> <!-- com.jquery.table.Level_09_DataTable -->
