<?xml version="1.0" encoding="UTF-8"?>
<!-- Generated by org.testng.reporters.JUnitReportReporter -->
<testsuite skipped="0" hostname="VTTV" name="com.nopcommerce.user.Level_07_Login_Switch_Page" tests="4" failures="0" timestamp="21 Jun 2021 16:32:45 GMT" time="23.400" errors="0">
  <testcase name="User_04_Switch_Page" time="6.294" classname="com.nopcommerce.user.Level_07_Login_Switch_Page"/>
  <testcase name="User_02_Login_To_System" time="4.956" classname="com.nopcommerce.user.Level_07_Login_Switch_Page"/>
  <testcase name="User_01_Register_To_System" time="10.299" classname="com.nopcommerce.user.Level_07_Login_Switch_Page"/>
  <testcase name="User_03_Customer_Info_Page" time="1.851" classname="com.nopcommerce.user.Level_07_Login_Switch_Page"/>
</testsuite> <!-- com.nopcommerce.user.Level_07_Login_Switch_Page -->
