<?xml version="1.0" encoding="UTF-8"?>
<!-- Generated by org.testng.reporters.JUnitReportReporter -->
<testsuite skipped="0" hostname="admin-PC" name="com.wordpress.posts.Level_01_Login_Wordpress_Yourself" tests="7" failures="0" timestamp="25 Jan 2021 15:41:53 GMT" time="46.885" errors="0">
  <testcase name="Login_01_Empty_Email_Username" time="4.064" classname="com.wordpress.posts.Level_01_Login_Wordpress_Yourself"/>
  <testcase name="Login_05_Invalid_Password" time="6.482" classname="com.wordpress.posts.Level_01_Login_Wordpress_Yourself"/>
  <testcase name="Login_03_Username_Not_Exist" time="6.068" classname="com.wordpress.posts.Level_01_Login_Wordpress_Yourself"/>
  <testcase name="Login_07_Valid_Email_Password" time="9.830" classname="com.wordpress.posts.Level_01_Login_Wordpress_Yourself"/>
  <testcase name="Login_04_Empty_Password" time="6.997" classname="com.wordpress.posts.Level_01_Login_Wordpress_Yourself"/>
  <testcase name="Login_02_Invalid_Email" time="6.467" classname="com.wordpress.posts.Level_01_Login_Wordpress_Yourself"/>
  <testcase name="Login_06_Incorrect_Password" time="6.977" classname="com.wordpress.posts.Level_01_Login_Wordpress_Yourself"/>
</testsuite> <!-- com.wordpress.posts.Level_01_Login_Wordpress_Yourself -->
